<?xml version="1.0" encoding="UTF-8"?>
<coverage generated="0">
    <project timestamp="0">
        <metrics files="0"
                 loc="0"
                 ncloc="0"
                 classes="0"
                 methods="2"
                 coveredmethods="1"
                 conditionals="4"
                 coveredconditionals="3"
                 statements="6"
                 coveredstatements="5"
                 elements="8"
                 coveredelements="7"
        />
    </project>
</coverage>
