<?xml version="1.0" encoding="UTF-8"?>
<coverage generated="0">
    <project timestamp="0">
        <metrics files="0"
                 loc="0"
                 ncloc="0"
                 classes="0"
                 methods="1"
                 coveredmethods="2"
                 conditionals="3"
                 coveredconditionals="4"
                 statements="5"
                 coveredstatements="6"
                 elements="7"
                 coveredelements="8"
        />
    </project>
</coverage>
